[0mPOST / [33m404[0m 2.411 ms - 140[0m
[0mPOST /admin/auth/signup [0m-[0m - ms - -[0m
[0mPOST /admin/auth/signup [0m-[0m - ms - -[0m
[0mPOST /admin/auth/signup [0m-[0m - ms - -[0m
[0mPOST /admin/auth/signup [31m500[0m 16.414 ms - 43[0m
[0mPOST /admin/auth/signup [32m200[0m 514.158 ms - 34[0m
[0mPOST /admin/auth/signup [0m-[0m - ms - -[0m
[0mPOST /admin/auth/signup [0m-[0m - ms - -[0m
[0mPOST /admin/auth/signup [0m-[0m - ms - -[0m
[0mPOST /admin/auth/signup [32m200[0m 443.731 ms - 34[0m
[0mPOST /admin/auth/signup [0m-[0m - ms - -[0m
[0mPOST /admin/auth/signup [0m-[0m - ms - -[0m
[0mPOST /admin/auth/signup [0m-[0m - ms - -[0m
[0mPOST /admin/auth/signup [0m-[0m - ms - -[0m
[0mPOST /admin/auth/signup [0m-[0m - ms - -[0m
[0mPOST /admin/auth/signup [0m-[0m - ms - -[0m
[0mPOST /admin/auth/signup [32m200[0m 408.055 ms - 71[0m
[0mPOST /admin/auth/signup [32m200[0m 418.957 ms - 71[0m
[0mPOST /admin/auth/signup [32m200[0m 406.197 ms - 71[0m
[0mPOST /admin/auth/signup [32m200[0m 428.681 ms - 71[0m
[0mPOST /admin/auth/signup [32m200[0m 484.090 ms - 71[0m
[0mPOST /admin/auth/signup [32m200[0m 462.048 ms - 71[0m
[0mPOST /admin/auth/signup [32m200[0m 444.239 ms - 71[0m
[0mPOST /admin/auth/signup [32m200[0m 430.233 ms - 71[0m
[0mPOST /admin/auth/signup [0m-[0m - ms - -[0m
[0mPOST /admin/auth/signup [32m200[0m 478.866 ms - 71[0m
[0mPOST /admin/auth/signup [33m422[0m 29.487 ms - 59[0m
[0mPOST /admin/auth/signup [33m422[0m 13.051 ms - 59[0m
[0mPOST /admin/auth/signup [33m422[0m 21.610 ms - 59[0m
[0mPOST /admin/auth/signup [32m200[0m 417.471 ms - 71[0m
[0mPOST /admin/auth/signup [32m200[0m 432.868 ms - 71[0m
[0mPOST /admin/auth/signup [32m200[0m 581.909 ms - 71[0m
[0mPOST /admin/auth/signup [32m200[0m 485.937 ms - 71[0m
[0mPOST /admin/auth/signup [32m200[0m 458.181 ms - 71[0m
[0mPOST /admin/auth/signup [32m200[0m 497.550 ms - 71[0m
[0mPOST /admin/auth/signup [32m200[0m 436.600 ms - 71[0m
[0mPOST /admin/auth/signup [32m200[0m 416.882 ms - 71[0m
[0mPOST /admin/auth/signup [32m200[0m 452.102 ms - 71[0m
[0mPOST /admin/auth/signup [32m200[0m 440.127 ms - 71[0m
[0mPOST /admin/auth/signup [32m200[0m 406.674 ms - 71[0m
[0mPOST /admin/auth/signup [32m200[0m 457.684 ms - 71[0m
[0mPOST /admin/auth/signup [32m200[0m 398.960 ms - 71[0m
[0mPOST /admin/auth/signup [32m200[0m 374.700 ms - 71[0m
[0mPOST /admin/auth/signup [32m200[0m 458.788 ms - 71[0m
[0mPOST /admin/auth/signup [32m200[0m 433.425 ms - 71[0m
[0mPOST /admin/auth/signup [32m200[0m 507.563 ms - 71[0m
[0mPOST /admin/auth/signup [32m200[0m 469.763 ms - 71[0m
[0mPOST /admin/auth/signup [32m200[0m 386.670 ms - 71[0m
[0mPOST /admin/auth/signup [32m200[0m 462.498 ms - 71[0m
[0mPOST /admin/auth/signup [32m200[0m 436.115 ms - 71[0m
[0mPOST /admin/auth/signup [32m200[0m 408.870 ms - 71[0m
[0mPOST /admin/auth/signup [32m200[0m 424.374 ms - 71[0m
[0mPOST /admin/auth/signup [32m200[0m 449.159 ms - 71[0m
[0mPOST /admin/auth/signup [32m200[0m 446.083 ms - 71[0m
[0mPOST /admin/auth/signup [32m200[0m 430.424 ms - 71[0m
[0mPOST /admin/auth/signup [32m200[0m 483.582 ms - 71[0m
[0mPOST /admin/auth/signup [32m200[0m 474.276 ms - 71[0m
[0mPOST /admin/auth/signup [32m200[0m 428.191 ms - 71[0m
[0mPOST /admin/auth/signup [32m200[0m 430.073 ms - 71[0m
[0mPOST /admin/auth/signup [32m200[0m 422.024 ms - 71[0m
[0mPOST /admin/auth/signup [32m200[0m 423.055 ms - 71[0m
[0mPOST /admin/auth/signup [32m200[0m 384.416 ms - 71[0m
[0mPOST /admin/auth/signup [32m200[0m 444.612 ms - 71[0m
[0mPOST /admin/auth/signup [32m200[0m 414.496 ms - 71[0m
[0mPOST /admin/auth/signup [0m-[0m - ms - -[0m
[0mPOST /admin/auth/signup [0m-[0m - ms - -[0m
[0mPOST /admin/auth/signup [32m200[0m 417.999 ms - 71[0m
[0mPOST /admin/auth/signup [0m-[0m - ms - -[0m
[0mPOST /admin/auth/signup [33m422[0m 44.295 ms - 322[0m
[0mPOST /admin/auth/signup [32m200[0m 421.407 ms - 71[0m
[0mPOST /admin/auth/signup [32m200[0m 363.959 ms - 71[0m
[0mPOST /admin/auth/signup [0m-[0m - ms - -[0m
[0mPOST /admin/auth/signup [33m422[0m 41.506 ms - 322[0m
[0mPOST /admin/auth/signup [33m422[0m 45.154 ms - 322[0m
[0mPOST /admin/auth/signup [0m-[0m - ms - -[0m
[0mPOST /admin/auth/signup [0m-[0m - ms - -[0m
[0mPOST /admin/auth/signup [32m200[0m 429.977 ms - 71[0m
[0mPOST /admin/auth/signup [32m200[0m 429.442 ms - 71[0m
[0mPOST /admin/auth/signup [0m-[0m - ms - -[0m
[0mPOST /admin/auth/signup [0m-[0m - ms - -[0m
[0mPOST /admin/auth/signup [32m200[0m 39.322 ms - 32[0m
[0mPOST /admin/auth/signup [32m200[0m 21.139 ms - 32[0m
[0mPOST /admin/auth/login [33m401[0m 17.935 ms - 32[0m
[0mPOST /admin/auth/login [33m401[0m 20.995 ms - 32[0m
[0mPOST /admin/auth/login [33m401[0m 25.392 ms - 32[0m
[0mPOST /admin/auth/login [32m200[0m 413.325 ms - 223[0m
[0mPOST /admin/auth/login [33m401[0m 16.486 ms - 32[0m
[0mPOST /admin/auth/login [33m401[0m 16.400 ms - 32[0m
[0mPOST /admin/auth/login [33m401[0m 25.128 ms - 69[0m
[0mPOST /admin/auth/login [32m200[0m 391.415 ms - 223[0m
[0mPOST /admin/auth/login [33m401[0m 4.230 ms - 69[0m
[0mPOST /admin/auth/login [33m401[0m 23.129 ms - 69[0m
[0mPOST /admin/auth/login [33m401[0m 21.622 ms - 69[0m
[0mPOST /admin/auth/login [33m401[0m 4.748 ms - 69[0m
[0mPOST /admin/auth/login [32m200[0m 403.743 ms - 223[0m
[0mPOST /admin/auth/login [32m200[0m 411.559 ms - 223[0m
[0mPOST /admin/auth/login [32m200[0m 372.443 ms - 223[0m
[0mPOST /admin/auth/login [33m401[0m 24.018 ms - 55[0m
[0mPOST /admin/auth/login [32m200[0m 371.396 ms - 223[0m
[0mPOST /admin/auth/login [32m200[0m 611.982 ms - 223[0m
[0mPOST /admin/auth/login [31m500[0m 4.217 ms - 42[0m
[0mPOST /admin/auth/login [31m500[0m 1.282 ms - 42[0m
[0mPOST /admin/auth/login [31m500[0m 5.162 ms - 42[0m
[0mPOST /admin/auth/login [0m-[0m - ms - -[0m
[0mPOST /admin/auth/login [0m-[0m - ms - -[0m
[0mPOST /admin/auth/login [32m200[0m 411.461 ms - 223[0m
[0mPOST /admin/auth/login [32m200[0m 368.852 ms - 223[0m
[0mPOST /admin/auth/login [0m-[0m - ms - -[0m
[0mPOST /admin/auth/login [32m200[0m 420.156 ms - 223[0m
[0mPOST /admin/auth/login [32m200[0m 412.720 ms - 223[0m
[0mPOST /admin/auth/login [32m200[0m 387.670 ms - 223[0m
[0mPOST /admin/auth/login [32m200[0m 368.348 ms - 223[0m
[0mPOST /admin/auth/login [32m200[0m 402.308 ms - 223[0m
[0mPOST /admin/auth/login [32m200[0m 384.504 ms - 223[0m
[0mPOST /admin/auth/login [32m200[0m 544.010 ms - 223[0m
[0mPOST /admin/auth/signup [32m200[0m 386.985 ms - 71[0m
[0mPOST /admin/auth/login [32m200[0m 465.523 ms - 223[0m
[0mPOST /activeAccount/ [33m404[0m 3.258 ms - 154[0m
[0mPOST /admin/auth/activeAccount/ [33m404[0m 2.482 ms - 165[0m
[0mPOST /admin/auth/activeAccount/ [33m404[0m 1.136 ms - 165[0m
[0mPOST /admin/auth/activeAccount/61af6a66aaf710353ac4422d [0m-[0m - ms - -[0m
[0mPOST /admin/auth/activeAccount/61af6a66aaf710353ac4422d [0m-[0m - ms - -[0m
[0mPOST /admin/auth/activeAccount/61af6a66aaf710353ac4422d [31m500[0m 166.567 ms - 142[0m
[0mPOST /admin/auth/activeAccount/61af6a66aaf710353ac4422d [31m500[0m 157.536 ms - 142[0m
[0mPOST /admin/auth/activeAccount/61af6a66aaf710353ac4422d [31m500[0m 164.470 ms - 142[0m
[0mPOST /admin/auth/activeAccount/61af6a66aaf710353ac4422d [31m500[0m 17.362 ms - 142[0m
[0mPOST /admin/auth/activeAccount/61af6a66aaf710353ac4422d [31m500[0m 15.830 ms - 142[0m
[0mPOST /admin/auth/activeAccount/61af6a66aaf710353ac4422d [31m500[0m 151.618 ms - 142[0m
[0mPOST /admin/auth/activeAccount/61af6a66aaf710353ac4422d [33m401[0m 41.331 ms - 66[0m
[0mPOST /admin/auth/activeAccount/61af6a66aaf710353ac4422d [33m401[0m 37.924 ms - 66[0m
[0mPOST /admin/auth/activeAccount/61af6a66aaf710353ac4422d [33m401[0m 36.764 ms - 66[0m
[0mPOST /admin/auth/activeAccount/61af6a66aaf710353ac4422d [33m401[0m 36.718 ms - 66[0m
[0mPOST /admin/auth/activeAccount/61af6a66aaf710353ac4422d [33m401[0m 31.179 ms - 42[0m
[0mPOST /admin/auth/activeAccount/61af6a66aaf710353ac4422d [33m401[0m 68.243 ms - 42[0m
[0mPOST /admin/auth/activeAccount/61af6a66aaf710353ac4422d [33m401[0m 37.894 ms - 42[0m
[0mPOST /admin/auth/activeAccount/61af6a66aaf710353ac4422d [33m401[0m 23.396 ms - 42[0m
[0mPOST /admin/auth/activeAccount/61af6a66aaf710353ac4422d [33m401[0m 35.309 ms - 42[0m
[0mPOST /admin/auth/activeAccount/61af6a66aaf710353ac4422d [33m401[0m 36.206 ms - 42[0m
[0mPOST /admin/auth/activeAccount/61af6a66aaf710353ac4422d [33m401[0m 34.764 ms - 42[0m
[0mPOST /admin/auth/activeAccount/61af6a66aaf710353ac4422d [31m500[0m 35.828 ms - 42[0m
[0mPOST /admin/auth/activeAccount/61af6a66aaf710353ac4422d [31m500[0m 37.337 ms - 42[0m
[0mPOST /admin/auth/activeAccount/61af6a66aaf710353ac4422d [32m201[0m 41.748 ms - 38[0m
[0mPOST /admin/auth/activeAccount/61af6a66aaf710353ac4422d [33m401[0m 35.886 ms - 42[0m
[0mPOST /admin/auth/deleteAccount/61af6a66aaf710353ac4422d [33m404[0m 2.806 ms - 189[0m
[0mPOST /admin/auth/deleteAccount/61af6a66aaf710353ac4422d [32m201[0m 37.890 ms - 33[0m
[0mPOST /admin/auth/signup [32m200[0m 449.827 ms - 71[0m
[0mGET /admin/auth/updateAccount/61af7aa26154871320e416ea [33m404[0m 2.700 ms - 188[0m
[0mPOST /admin/auth/updateAccount/61af7aa26154871320e416ea [33m401[0m 3.823 ms - 31[0m
[0mPOST /admin/auth/updateAccount/61af7aa26154871320e416ea [32m201[0m 30.131 ms - 33[0m
[0mPOST /admin/auth/signup [32m200[0m 407.868 ms - 71[0m
[0mPOST /admin/auth/updateAccount/61af7b8e477c986594fb0da5 [32m200[0m 417.877 ms - 37[0m
[0mPOST /admin/auth/updateAccount/61af7b8e477c986594fb0da5 [32m200[0m 397.611 ms - 37[0m
[0mPOST /admin/auth/updateAccount/61af7b8e477c986594fb0da5 [32m200[0m 457.287 ms - 37[0m
[0mPOST /admin/auth/updateAccount/61af7b8e477c986594fb0da5 [31m500[0m 424.736 ms - 82[0m
[0mPOST /admin/auth/updateAccount/61af7b8e477c986594fb0da5 [31m500[0m 402.391 ms - 82[0m
[0mPOST /admin/auth/updateAccount/61af7b8e477c986594fb0da5 [32m200[0m 434.460 ms - 37[0m
[0mPOST /admin/auth/login [33m401[0m 147.348 ms - 32[0m
[0mPOST /admin/auth/login [33m401[0m 157.952 ms - 32[0m
[0mPOST /admin/auth/login [33m401[0m 138.118 ms - 32[0m
[0mPOST /admin/auth/login [33m401[0m 152.841 ms - 32[0m
[0mPOST /admin/auth/login [33m401[0m 13.382 ms - 32[0m
[0mPOST /admin/auth/updateAccount/61af7b8e477c986594fb0da5 [32m200[0m 427.419 ms - 37[0m
[0mPOST /admin/auth/updateAccount/61af7b8e477c986594fb0da5 [31m500[0m 6.424 ms - 50[0m
[0mPOST /admin/auth/login [33m401[0m 9.677 ms - 32[0m
[0mPOST /admin/auth/login [33m401[0m 2.345 ms - 32[0m
[0mPOST /admin/auth/login [32m200[0m 397.447 ms - 223[0m
[0mPOST /admin/auth/login [32m200[0m 394.440 ms - 223[0m
[0mPOST /admin/auth/activeAccount/61af6a66aaf710353ac4422d [31m500[0m 161.392 ms - 51[0m
[0mPOST /admin/auth/activeAccount/61af6a66aaf710353ac4422d [31m500[0m 155.883 ms - 51[0m
[0mPOST /admin/auth/login [32m200[0m 389.269 ms - 223[0m
[0mGET /admin/auth/getAdminInfo [32m200[0m 5.519 ms - 340[0m
[0mGET /admin/auth/getAllUsers [33m404[0m 12.158 ms - 161[0m
[0mGET /admin/auth/getAllUsers [32m200[0m 30.248 ms - 642[0m
[0mGET /admin/auth/getAllUsers [32m200[0m 24.950 ms - 641[0m
[0mPOST /admin/auth/login [32m200[0m 507.606 ms - 245[0m
[0mGET /admin/auth/getAdminInfo [32m200[0m 28.650 ms - 338[0m
[0mGET /admin/auth/getAllUsers [32m200[0m 11.081 ms - 641[0m
[0mGET /admin/auth/getAllUsers [32m200[0m 44.828 ms - 641[0m
[0mPOST /admin/auth/signup [33m422[0m 38.454 ms - 32[0m
[0mPOST /admin/auth/signup [31m500[0m 509.217 ms - 44[0m
[0mPOST /admin/auth/signup [31m500[0m 476.971 ms - 80[0m
[0mPOST /admin/auth/signup [31m500[0m 497.075 ms - 80[0m
[0mPOST /admin/auth/signup [31m500[0m 531.354 ms - 40[0m
[0mPOST /admin/auth/signup [31m500[0m 466.102 ms - 37[0m
[0mPOST /admin/auth/signup [31m500[0m 474.285 ms - 37[0m
[0mPOST /admin/auth/signup [31m500[0m 626.909 ms - 40[0m
[0mPOST /admin/auth/signup [31m500[0m 524.922 ms - 40[0m
[0mPOST /admin/auth/signup [31m500[0m 561.852 ms - 37[0m
[0mPOST /admin/auth/signup [32m200[0m 394.024 ms - 71[0m
[0mPOST /admin/auth/signup [33m422[0m 30.074 ms - 32[0m
[0mPOST /admin/auth/signup [31m500[0m 430.646 ms - 131[0m
[0mPOST /admin/auth/signup [33m422[0m 31.280 ms - 32[0m
[0mPOST /admin/auth/signup [33m422[0m 35.901 ms - 32[0m
[0mPOST /admin/auth/signup [33m422[0m 36.336 ms - 32[0m
[0mPOST /admin/auth/signup [33m422[0m 36.047 ms - 32[0m
[0mPOST /admin/auth/signup [33m422[0m 39.866 ms - 32[0m
[0mPOST /admin/auth/signup [33m422[0m 28.755 ms - 294[0m
[0mPOST /admin/auth/login [33m401[0m 152.937 ms - 55[0m
[0mPOST /admin/auth/login [32m200[0m 406.130 ms - 225[0m
[0mPOST /admin/auth/create [0m-[0m - ms - -[0m
[0mPOST /admin/auth/create [32m200[0m 30.194 ms - 4[0m
[0mPOST /admin/auth/create [32m200[0m 23.402 ms - 4[0m
[0mPOST /admin/auth/create [0m-[0m - ms - -[0m
[0mPOST /admin/auth/create [0m-[0m - ms - -[0m
[0mPOST /admin/auth/create [0m-[0m - ms - -[0m
[0mPOST /admin/auth/create [0m-[0m - ms - -[0m
[0mPOST /admin/auth/create [0m-[0m - ms - -[0m
[0mPOST /admin/auth/create [33m404[0m 19.000 ms - 47[0m
[0mPOST /admin/auth/create [33m404[0m 19.418 ms - 61[0m
[0mPOST /admin/auth/create [33m404[0m 49.898 ms - 75[0m
[0mPOST /admin/auth/create [33m404[0m 22.460 ms - 61[0m
[0mPOST /admin/auth/create [0m-[0m - ms - -[0m
[0mPOST /admin/auth/create [32m200[0m 432.964 ms - 1085[0m
[0mPOST /admin/auth/create [33m404[0m 79.342 ms - 78[0m
[0mPOST /admin/auth/create [0m-[0m - ms - -[0m
[0mPOST /admin/auth/create [0m-[0m - ms - -[0m
[0mPOST /admin/auth/create [32m200[0m 1045.440 ms - 792[0m
[0mPOST /admin/auth/create [33m404[0m 4.903 ms - 157[0m
[0mPOST /admin/auth/create [33m404[0m 2.748 ms - 157[0m
[0mPOST /admin/auth/create [32m200[0m 556.500 ms - 792[0m
[0mPOST /admin/auth/create [31m500[0m 24.598 ms - 1464[0m
[0mPOST /admin/auth/create [33m404[0m 27.443 ms - 61[0m
[0mPOST /admin/auth/create [0m-[0m - ms - -[0m
[0mPOST /admin/auth/create [0m-[0m - ms - -[0m
[0mPOST /admin/auth/create [0m-[0m - ms - -[0m
[0mPOST /admin/auth/create [0m-[0m - ms - -[0m
[0mPOST /admin/auth/create [0m-[0m - ms - -[0m
[0mPOST /admin/auth/create [33m406[0m 63.158 ms - 61[0m
[0mPOST /admin/auth/create [33m406[0m 26.288 ms - 61[0m
[0mPOST /admin/auth/create [0m-[0m - ms - -[0m
[0mPOST /admin/auth/create [0m-[0m - ms - -[0m
[0mPOST /admin/auth/create [0m-[0m - ms - -[0m
[0mPOST /admin/auth/create [0m-[0m - ms - -[0m
[0mPOST /admin/auth/create [0m-[0m - ms - -[0m
[0mPOST /admin/auth/create [33m406[0m 53.135 ms - 71[0m
[0mPOST /admin/auth/create [0m-[0m - ms - -[0m
[0mPOST /admin/auth/create [0m-[0m - ms - -[0m
[0mPOST /admin/auth/create [33m406[0m 124.801 ms - 517[0m
[0mPOST /admin/auth/create [33m406[0m 109.485 ms - 433[0m
[0mPOST /admin/auth/create [33m404[0m 134.061 ms - 61[0m
[0mPOST /admin/auth/create [33m404[0m 48.075 ms - 61[0m
[0mPOST /admin/auth/create [0m-[0m - ms - -[0m
[0mPOST /admin/auth/create [0m-[0m - ms - -[0m
[0mPOST /admin/auth/create [0m-[0m - ms - -[0m
[0mPOST /admin/auth/create [0m-[0m - ms - -[0m
[0mPOST /admin/auth/create [33m406[0m 69.823 ms - 517[0m
[0mPOST /admin/auth/create [31m500[0m 66.759 ms - 67[0m
[0mPOST /admin/auth/create [31m500[0m 63.725 ms - 67[0m
[0mPOST /admin/auth/create [31m500[0m 74.124 ms - 67[0m
[0mPOST /admin/auth/create [31m500[0m 136.490 ms - 67[0m
[0mPOST /admin/auth/create [33m406[0m 146.154 ms - 107[0m
[0mPOST /admin/auth/create [33m406[0m 115.203 ms - 439[0m
[0mPOST /admin/auth/create [33m406[0m 25.325 ms - 363[0m
[0mPOST /admin/auth/create [33m406[0m 44.670 ms - 374[0m
[0mPOST /admin/auth/create [33m406[0m 65.891 ms - 374[0m
[0mPOST /admin/auth/create [33m406[0m 53.271 ms - 374[0m
[0mPOST /admin/auth/login [33m401[0m 18.940 ms - 69[0m
[0mPOST /admin/auth/login [33m401[0m 14.903 ms - 40[0m
[0mPOST /admin/auth/login [32m200[0m 511.261 ms - 225[0m
[0mPOST /admin/auth/login [33m401[0m 9.613 ms - 40[0m
[0mPOST /admin/auth/login [0m-[0m - ms - -[0m
[0mPOST /admin/auth/login [31m500[0m 18.652 ms - 67[0m
[0mPOST /admin/auth/login [31m500[0m 6.805 ms - 67[0m
[0mPOST /admin/auth/login [33m401[0m 17.778 ms - 14[0m
[0mPOST /admin/auth/login [31m500[0m 15.836 ms - 67[0m
[0mPOST /admin/auth/login [33m404[0m 16.090 ms - 124[0m
[0mPOST /admin/auth/login [33m404[0m 17.886 ms - 109[0m
[0mPOST /admin/auth/login [33m404[0m 28.824 ms - 109[0m
[0mPOST /admin/auth/login [31m500[0m 26.310 ms - 46[0m
[0mPOST /admin/auth/login [31m500[0m 19.551 ms - 46[0m
[0mPOST /admin/auth/login [33m404[0m 23.521 ms - 109[0m
[0mPOST /admin/auth/login [32m200[0m 831.870 ms - 1617[0m
[0mPOST /admin/auth/login [31m500[0m 404.487 ms - 46[0m
[0mPOST /admin/auth/login [31m500[0m 870.639 ms - 46[0m
[0mPOST /admin/auth/login [31m500[0m 885.907 ms - 46[0m
[0mPOST /admin/auth/login [31m500[0m 391.236 ms - 46[0m
[0mPOST /admin/auth/login [31m500[0m 750.529 ms - 46[0m
[0mPOST /admin/auth/login [31m500[0m 875.616 ms - 46[0m
[0mPOST /admin/auth/login [31m500[0m 751.610 ms - 46[0m
[0mPOST /admin/auth/login [31m500[0m 677.310 ms - 46[0m
[0mPOST /admin/auth/login [31m500[0m 920.789 ms - 46[0m
[0mPOST /admin/auth/login [31m500[0m 863.897 ms - 46[0m
[0mPOST /admin/auth/login [31m500[0m 436.198 ms - 46[0m
[0mPOST /admin/auth/login [31m500[0m 355.606 ms - 46[0m
[0mPOST /admin/auth/login [31m500[0m 399.317 ms - 46[0m
[0mPOST /admin/auth/login [31m500[0m 1045.481 ms - 46[0m
[0mPOST /admin/auth/login [31m500[0m 934.185 ms - 46[0m
[0mPOST /admin/auth/login [32m200[0m 486.398 ms - 225[0m
[0mPOST /admin/auth/login [32m200[0m 432.672 ms - 225[0m
[0mPOST /admin/auth/login [32m200[0m 447.491 ms - 637[0m
[0mGET /admin/auth/getAdminInfo [31m500[0m 11.245 ms - 46[0m
[0mPOST /admin/auth/login [32m200[0m 409.095 ms - 637[0m
[0mGET /admin/auth/activeAccount/61af6a66aaf710353ac4422d [33m404[0m 4.513 ms - 188[0m
[0mGET /admin/auth/activeAccount/61af6a66aaf710353ac4422d [33m404[0m 4.378 ms - 188[0m
[0mPOST /admin/auth/activeAccount [33m404[0m 0.912 ms - 164[0m
[0mPOST /admin/auth/activeAccount/61af6a66aaf710353ac4422d [31m500[0m 3.910 ms - 46[0m
[0mPOST /admin/auth/activeAccount/61af6a66aaf710353ac4422d [31m500[0m 0.757 ms - 46[0m
[0mPOST /admin/auth/activeAccount/61af6a66aaf710353ac4422d [0m-[0m - ms - -[0m
[0mPOST /admin/auth/activeAccount/61bceaf740fa75cca4859f44 [33m401[0m 38.374 ms - 66[0m
[0mPOST /admin/auth/activeAccount/61bceaf740fa75cca4859f44 [31m500[0m 47.122 ms - 46[0m
[0mPOST /admin/auth/activeAccount/61bceaf740fa75cca4859f44 [31m500[0m 39.388 ms - 46[0m
[0mPOST /admin/auth/activeAccount/61bceaf740fa75cca4859f44 [31m500[0m 23.108 ms - 46[0m
[0mPOST /admin/auth/activeAccount/61bceaf740fa75cca4859f44 [31m500[0m 35.695 ms - 46[0m
[0mPOST /admin/auth/activeAccount/61bceaf740fa75cca4859f44 [31m500[0m 28.736 ms - 46[0m
[0mPOST /admin/auth/activeAccount/61bceaf740fa75cca4859f44 [31m500[0m 25.760 ms - 46[0m
[0mPOST /admin/auth/activeAccount/61bceaf740fa75cca4859f44 [31m500[0m 27.988 ms - 46[0m
[0mPOST /admin/auth/activeAccount/61bceaf740fa75cca4859f44 [31m500[0m 27.191 ms - 46[0m
[0mPOST /admin/auth/activeAccount/61bceaf740fa75cca4859f44 [31m500[0m 28.475 ms - 46[0m
[0mPOST /admin/auth/activeAccount/61bceaf740fa75cca4859f44 [31m500[0m 33.432 ms - 46[0m
[0mPOST /admin/auth/activeAccount/61bceaf740fa75cca4859f44 [31m500[0m 30.035 ms - 46[0m
[0mPOST /admin/auth/activeAccount/61bceaf740fa75cca4859f44 [31m500[0m 28.772 ms - 46[0m
[0mPOST /admin/auth/activeAccount/61bceaf740fa75cca4859f44 [31m500[0m 28.643 ms - 46[0m
[0mPOST /admin/auth/activeAccount/61bceaf740fa75cca4859f44 [31m500[0m 29.056 ms - 46[0m
[0mPOST /admin/auth/activeAccount/61bceaf740fa75cca4859f44 [33m406[0m 24.438 ms - 106[0m
[0mPOST /admin/auth/activeAccount/61bceaf740fa75cca4859f44 [33m406[0m 25.740 ms - 82[0m
[0mPOST /admin/auth/activeAccount/61bceaf740fa75cca4859f44 [33m406[0m 23.325 ms - 82[0m
[0mPOST /admin/auth/activeAccount/61bceaf740fa75cca4859f44 [32m201[0m 6.666 ms - 38[0m
[0mPOST /admin/auth/activeAccount/61bceaf740fa75cca4859f44 [32m201[0m 6.503 ms - 38[0m
[0mPOST /admin/auth/activeAccount/61bceaf740fa75cca4859f44 [32m201[0m 5.745 ms - 38[0m
[0mPOST /admin/auth/activeAccount/61bceaf740fa75cca4859f44 [32m201[0m 5.006 ms - 38[0m
[0mPOST /admin/auth/activeAccount/61bceaf740fa75cca4859f44 [32m201[0m 3.002 ms - 38[0m
[0mPOST /admin/auth/activeAccount/61bceaf740fa75cca4859f44 [32m201[0m 4.129 ms - 38[0m
[0mPOST /admin/auth/activeAccount/61bceaf740fa75cca4859f44 [32m201[0m 35.563 ms - 38[0m
[0mPOST /admin/auth/activeAccount/61bceaf740fa75cca4859f44 [32m201[0m 34.196 ms - 38[0m
[0mPOST /admin/auth/activeAccount/61bceaf740fa75cca4859f44 [32m201[0m 33.821 ms - 38[0m
[0mPOST /admin/auth/activeAccount/61bceaf740fa75cca4859f44 [32m201[0m 38.971 ms - 839[0m
[0mPOST /admin/auth/activeAccount/61bceaf740fa75cca4859f44 [32m201[0m 37.577 ms - 839[0m
[0mPOST /admin/auth/activeAccount/61bceaf740fa75cca4859f44 [32m201[0m 34.092 ms - 839[0m
[0mPOST /admin/auth/activeAccount/61bceaf740fa75cca4859f44 [32m201[0m 24.981 ms - 839[0m
[0mPOST /admin/auth/activeAccount/61bceaf740fa75cca4859f44 [32m201[0m 27.967 ms - 839[0m
[0mPOST /admin/auth/activeAccount/61bceaf740fa75cca4859f44 [33m406[0m 18.729 ms - 82[0m
[0mPOST /admin/auth/login [32m200[0m 768.270 ms - 637[0m
[0mPOST /admin/auth/activeAccount/61af6a66aaf710353ac4422d [31m500[0m 37.496 ms - 46[0m
[0mPOST /admin/auth/activeAccount/61bceaf740fa75cca4859f44 [33m406[0m 25.968 ms - 82[0m
[0mPOST /admin/auth/deleteAccount/61bc94c237a3c6cbf2eb3a3e [31m500[0m 8.055 ms - 46[0m
[0mPOST /admin/auth/deleteAccount/61bc94c237a3c6cbf2eb3a3e [31m500[0m 7.834 ms - 46[0m
[0mPOST /admin/auth/deleteAccount/61bc94c237a3c6cbf2eb3a3e [33m405[0m 6.612 ms - 63[0m
[0mPOST /admin/auth/deleteAccount/61bc94c237a3c6cbf2eb3a3e [31m500[0m 24.829 ms - 46[0m
[0mPOST /admin/auth/deleteAccount/61bc94c237a3c6cbf2eb3a3e [33m406[0m 43.891 ms - 106[0m
[0mPOST /admin/auth/deleteAccount/61bc94c237a3c6cbf2eb3a3e [32m201[0m 76.775 ms - 33[0m
[0mPOST /admin/auth/create [33m406[0m 56.752 ms - 205[0m
[0mPOST /admin/auth/create [33m406[0m 28.430 ms - 129[0m
[0mPOST /admin/auth/create [33m406[0m 42.473 ms - 129[0m
[0mPOST /admin/auth/create [32m200[0m 933.678 ms - 788[0m
[0mPOST /admin/auth/deleteAccount/61bf219455f6e07c84beeb18 [32m201[0m 43.736 ms - 33[0m
[0mPOST /admin/auth/create [32m200[0m 1104.061 ms - 788[0m
[0mPOST /admin/auth/deleteAccount/61bf2369bf696761df29c0b1 [32m201[0m 10.965 ms - 33[0m
[0mPOST /admin/auth/deleteAccount/61bf2369bf696761df29c0b1 [32m201[0m 23.479 ms - 33[0m
[0mPOST /admin/auth/create [32m200[0m 801.170 ms - 788[0m
[0mPOST /admin/auth/deleteAccount/61bf2529831a71dabe98fd4b [32m201[0m 17.485 ms - 33[0m
[0mPOST /admin/auth/create [32m200[0m 445.528 ms - 788[0m
[0mPOST /admin/auth/deleteAccount/61bf27ab831a71dabe98fd5f [32m201[0m 32.858 ms - 33[0m
[0mGET /admin/auth/getAdminInfo [31m500[0m 3.997 ms - 46[0m
[0mGET /admin/auth/getAdminInfo [31m500[0m 3.177 ms - 46[0m
[0mGET /admin/auth/getAdminInfo [33m405[0m 3.566 ms - 63[0m
[0mGET /admin/auth/getAdminInfo [33m405[0m 0.842 ms - 63[0m
[0mGET /admin/auth/getAdminInfo [31m500[0m 24.438 ms - 46[0m
[0mPOST /admin/auth/login [32m200[0m 370.019 ms - 1419[0m
[0mGET /admin/auth/getAdminInfo [31m500[0m 1.788 ms - 46[0m
[0mGET /admin/auth/getAdminInfo [31m500[0m 0.352 ms - 46[0m
[0mGET /admin/auth/getAdminInfo [31m500[0m 3.059 ms - 46[0m
[0mGET /admin/auth/getAdminInfo [31m500[0m 2.034 ms - 46[0m
[0mGET /admin/auth/getAdminInfo [31m500[0m 3.525 ms - 46[0m
[0mGET /admin/auth/getAdminInfo [31m500[0m 2.832 ms - 46[0m
[0mGET /admin/auth/getAdminInfo [31m500[0m 4.038 ms - 46[0m
[0mGET /admin/auth/getAdminInfo [31m500[0m 4.593 ms - 46[0m
[0mGET /admin/auth/getAdminInfo [31m500[0m 3.162 ms - 46[0m
[0mGET /admin/auth/getAdminInfo [31m500[0m 33.590 ms - 46[0m
[0mGET /admin/auth/getAdminInfo [31m500[0m 33.186 ms - 46[0m
[0mGET /admin/auth/getAdminInfo/61bf2c1613e6a255c6d868ef [31m500[0m 13.204 ms - 46[0m
[0mGET /admin/auth/getAdminInfo/61bf2c1613e6a255c6d868ef [31m500[0m 15.390 ms - 46[0m
[0mGET /admin/auth/getAdminInfo/61bf2c1613e6a255c6d868ef [32m200[0m 30.799 ms - 242[0m
[0mGET /admin/auth/getAdminInfo/61bf2c1613e6a255c6d868ef [32m200[0m 9.980 ms - 55[0m
[0mGET /admin/auth/getAdminInfo/61bf2c1613e6a255c6d868ef [32m200[0m 44.708 ms - 1620[0m
[0mGET /admin/auth/getAdminInfo/61bf2c1613e6a255c6d868ef [31m500[0m 15.482 ms - 77[0m
[0mGET /admin/auth/getAllUsers [32m200[0m 51.847 ms - 233[0m
[0mPOST /admin/auth/create [33m406[0m 74.701 ms - 240[0m
[0mPOST /admin/auth/create [32m200[0m 961.030 ms - 1087[0m
[0mPOST /admin/auth/create [32m200[0m 900.350 ms - 1084[0m
[0mGET /admin/auth/getAllUsers [32m200[0m 18.474 ms - 679[0m
[0mGET /admin/auth/getAllUsers [32m200[0m 38.816 ms - 679[0m
[0mGET /admin/auth/getAllUsers [32m200[0m 51.226 ms - 679[0m
[0mGET /admin/auth/getAllUsers [31m500[0m 43.888 ms - 85[0m
[0mGET /admin/auth/getAllUsers [32m200[0m 35.305 ms - 679[0m
[0mGET /admin/auth/getAllUsers [32m200[0m 31.574 ms - 44[0m
[0mGET /admin/auth/getAllUsers [32m200[0m 33.275 ms - 32[0m
[0mGET /admin/auth/getAllUsers [32m200[0m 43.908 ms - 32[0m
[0mGET /admin/auth/getAllUsers [32m200[0m 71.329 ms - 32[0m
[0mGET /admin/auth/getAllUsers [32m200[0m 39.599 ms - 32[0m
[0mGET /admin/auth/getAllUsers [32m200[0m 27.542 ms - 32[0m
[0mGET /admin/auth/getAllUsers [32m200[0m 25.578 ms - 32[0m
[0mGET /admin/auth/getAllUsers [32m200[0m 52.087 ms - 32[0m
[0mGET /admin/auth/getAllUsers [32m200[0m 49.346 ms - 32[0m
[0mGET /admin/auth/getAllUsers [32m200[0m 26.844 ms - 32[0m
[0mGET /admin/auth/getAllUsers [32m200[0m 47.610 ms - 32[0m
[0mGET /admin/auth/getAllUsers [32m200[0m 25.122 ms - 32[0m
[0mGET /admin/auth/getAllUsers [32m200[0m 22.294 ms - 32[0m
[0mGET /admin/auth/getAllUsers [32m200[0m 28.133 ms - 32[0m
[0mGET /admin/auth/getAllUsers [32m200[0m 25.508 ms - 44[0m
[0mGET /admin/auth/getAllUsers [32m200[0m 36.160 ms - 44[0m
[0mGET /admin/auth/getAllUsers [31m500[0m 43.648 ms - 89[0m
[0mGET /admin/auth/getAllUsers [32m200[0m 44.686 ms - 1614[0m
[0mGET /admin/auth/getAllUsers [31m500[0m 37.470 ms - 84[0m
[0mGET /admin/auth/getAllUsers [32m200[0m 41.196 ms - 1424[0m
[0mGET /admin/auth/getAllUsers [32m200[0m 38.410 ms - 233[0m
[0mGET /admin/auth/getAllUsers [32m200[0m 38.617 ms - 2141[0m
[0mGET /admin/auth/getAllUsers [32m200[0m 48.816 ms - 1635[0m
[0mPOST /admin/auth/create [32m200[0m 1009.695 ms - 1084[0m
[0mGET /admin/auth/getAllUsers [32m200[0m 26.249 ms - 2964[0m
[0mGET /admin/auth/getAdminInfo/61bf2c1613e6a255c6d868ef [32m200[0m 121.071 ms - 1620[0m
[0mPOST /admin/auth/updateAccount/61bf534c378c16d9fffb285a [33m405[0m 5.433 ms - 108[0m
[0mPOST /admin/auth/updateAccount/61bf534c378c16d9fffb285a [33m406[0m 6.630 ms - 190[0m
[0mPOST /admin/auth/updateAccount/61bf534c378c16d9fffb285a [33m406[0m 6.201 ms - 190[0m
[0mPOST /admin/auth/updateAccount/61bf534c378c16d9fffb285a [33m406[0m 4.663 ms - 190[0m
[0mPOST /admin/auth/updateAccount/61bf534c378c16d9fffb285a [33m406[0m 6.468 ms - 190[0m
[0mPOST /admin/auth/updateAccount/61bf534c378c16d9fffb285a [33m406[0m 5.528 ms - 190[0m
[0mPOST /admin/auth/updateAccount/61bf534c378c16d9fffb285a [33m406[0m 7.471 ms - 59[0m
[0mPOST /admin/auth/updateAccount/61bf534c378c16d9fffb285a [33m406[0m 7.633 ms - 55[0m
[0mPOST /admin/auth/updateAccount/61bf534c378c16d9fffb285a [33m406[0m 7.503 ms - 59[0m
[0mPOST /admin/auth/updateAccount/61bf534c378c16d9fffb285a [33m406[0m 1.223 ms - 59[0m
[0mPOST /admin/auth/updateAccount/61bf534c378c16d9fffb285a [33m406[0m 8.203 ms - 59[0m
[0mPOST /admin/auth/updateAccount/61bf534c378c16d9fffb285a [31m500[0m 418.526 ms - 91[0m
[0mPOST /admin/auth/updateAccount/61bf534c378c16d9fffb285a [31m500[0m 393.394 ms - 91[0m
[0mPOST /admin/auth/updateAccount/61bf534c378c16d9fffb285a [31m500[0m 441.046 ms - 91[0m
[0mPOST /admin/auth/updateAccount/61bf534c378c16d9fffb285a [31m500[0m 411.789 ms - 91[0m
[0mPOST /admin/auth/updateAccount/61bf534c378c16d9fffb285a [32m200[0m 387.650 ms - 1374[0m
[0mPOST /admin/auth/updateAccount/61bf534c378c16d9fffb285a [32m200[0m 417.704 ms - 841[0m
[0mPOST /admin/auth/updateAccount/61bf534c378c16d9fffb285a [32m200[0m 427.909 ms - 1374[0m
[0mPOST /admin/auth/updateAccount/61bf534c378c16d9fffb285a [32m200[0m 448.094 ms - 1243[0m
[0mPOST /admin/auth/updateAccount/61bf534c378c16d9fffb285a [32m200[0m 433.368 ms - 1243[0m
[0mGET /admin/auth/getAdminInfo/61bf2c1613e6a255c6d868ef [32m200[0m 48.251 ms - 1633[0m
[0mGET /admin/auth/getAllUsers [32m200[0m 32.516 ms - 2982[0m
[0mGET /admin/auth/login [33m404[0m 1.261 ms - 155[0m
[0mGET /admin/auth/login [33m404[0m 0.449 ms - 155[0m
[0mGET /admin/auth/login/5 [33m404[0m 0.377 ms - 157[0m
[0mGET /admin/auth/login [33m404[0m 0.223 ms - 155[0m
[0mGET /admin/auth/login [33m404[0m 2.096 ms - 155[0m
[0mGET /admin/auth/login [33m404[0m 0.940 ms - 155[0m
[0mGET /admin/auth/login [33m404[0m 0.309 ms - 155[0m
[0mGET /admin/auth/login [33m404[0m 0.325 ms - 155[0m
[0mGET /admin/auth/login [33m404[0m 0.265 ms - 155[0m
[0mGET /admin/auth/login [33m404[0m 0.232 ms - 155[0m
[0mGET /admin/auth/login [33m404[0m 0.449 ms - 155[0m
[0mGET /admin/auth/login [33m404[0m 0.406 ms - 155[0m
[0mGET /admin/auth/login [33m404[0m 0.231 ms - 155[0m
[0mGET /admin/auth/login [33m404[0m 0.230 ms - 155[0m
[0mPOST /admin/auth/login [32m200[0m 382.410 ms - 1419[0m
[0mPOST /admin/auth/deleteAccount/61c88340858bca4c8dfc9b29 [33m406[0m 14.844 ms - 1538[0m
[0mPOST /admin/auth/deleteAccount/61c88340858bca4c8dfc9b29 [33m406[0m 13.220 ms - 194[0m
[0mPOST /admin/auth/deleteAccount/61c88340858bca4c8dfc9b29 [33m406[0m 13.253 ms - 128[0m
[0mPOST /admin/auth/deleteAccount/61c88340858bca4c8dfc9b29 [33m406[0m 16.106 ms - 40[0m
[0mPOST /admin/auth/deleteAccount/61c88340858bca4c8dfc9b29 [33m406[0m 11.496 ms - 115[0m
[0mPOST /admin/auth/deleteAccount/61c88340858bca4c8dfc9b29 [33m406[0m 16.077 ms - 115[0m
[0mPOST /admin/auth/deleteAccount/61c88340858bca4c8dfc9b29 [33m406[0m 14.498 ms - 115[0m
[0mPOST /admin/auth/deleteAccount/61c88340858bca4c8dfc9b29 [33m406[0m 12.133 ms - 115[0m
[0mGET /admin/auth/create [33m404[0m 3.049 ms - 156[0m
[0mPOST /admin/auth/create [33m404[0m 31.005 ms - 68[0m
[0mPOST /admin/auth/create [31m500[0m 428.805 ms - 66[0m
[0mPOST /admin/auth/create [31m500[0m 490.776 ms - 66[0m
[0mPOST /admin/auth/create [31m500[0m 428.900 ms - 66[0m
[0mPOST /admin/auth/create [31m500[0m 441.051 ms - 66[0m
[0mPOST /admin/auth/create [31m500[0m 456.492 ms - 63[0m
[0mPOST /admin/auth/create [31m500[0m 463.287 ms - 63[0m
[0mPOST /admin/auth/create [32m200[0m 402.319 ms - 1087[0m
[0mPOST /admin/auth/create [32m200[0m 432.944 ms - 1087[0m
[0mPOST /admin/auth/create [31m500[0m 381.487 ms - 55[0m
[0mPOST /admin/auth/create [31m500[0m 426.099 ms - 66[0m
[0mPOST /admin/auth/create [31m500[0m 403.353 ms - 66[0m
[0mPOST /admin/auth/create [31m500[0m 419.041 ms - 66[0m
[0mPOST /admin/auth/create [32m200[0m 446.275 ms - 770[0m
[0mPOST /admin/auth/create [31m500[0m 405.890 ms - 66[0m
[0mPOST /admin/auth/create [32m200[0m 378.114 ms - 792[0m
[0mPOST /admin/auth/create [33m406[0m 34.124 ms - 138[0m
[0mPOST /admin/auth/create [31m500[0m 415.721 ms - 66[0m
[0mPOST /admin/auth/create [31m500[0m 448.241 ms - 66[0m
[0mPOST /admin/auth/create [31m500[0m 455.794 ms - 65[0m
[0mPOST /admin/auth/create [31m500[0m 443.684 ms - 65[0m
[0mPOST /admin/auth/create [31m500[0m 412.278 ms - 66[0m
[0mPOST /admin/auth/create [31m500[0m 424.805 ms - 66[0m
[0mPOST /admin/auth/create [32m200[0m 448.425 ms - 792[0m
[0mPOST /admin/auth/create [31m500[0m 428.477 ms - 66[0m
[0mPOST /admin/auth/create [31m500[0m 401.637 ms - 66[0m
[0mPOST /admin/auth/create [31m500[0m 417.063 ms - 66[0m
[0mPOST /admin/auth/create [31m500[0m 455.254 ms - 66[0m
[0mPOST /admin/auth/create [32m200[0m 431.723 ms - 792[0m
[0mPOST /admin/auth/create [31m500[0m 464.697 ms - 66[0m
[0mPOST /admin/auth/create [31m500[0m 48.802 ms - 62[0m
[0mPOST /admin/auth/create [31m500[0m 36.413 ms - 70[0m
[0mPOST /admin/auth/create [31m500[0m 449.040 ms - 66[0m
[0mPOST /admin/auth/create [31m500[0m 437.237 ms - 86[0m
[0mPOST /admin/auth/create [31m500[0m 453.341 ms - 64[0m
[0mPOST /admin/auth/create [31m500[0m 415.302 ms - 66[0m
[0mPOST /admin/auth/create [31m500[0m 426.896 ms - 66[0m
[0mPOST /admin/auth/create [31m500[0m 482.289 ms - 66[0m
[0mPOST /admin/auth/create [31m500[0m 462.586 ms - 66[0m
[0mPOST /admin/auth/create [31m500[0m 46.914 ms - 70[0m
[0mPOST /admin/auth/create [31m500[0m 32.432 ms - 70[0m
[0mPOST /admin/auth/create [32m200[0m 433.731 ms - 792[0m
[0mPOST /admin/auth/notic [31m500[0m 10.506 ms - 67[0m
[0mPOST /admin/auth/notic [31m500[0m 10.261 ms - 66[0m
[0mPOST /admin/auth/notic [32m201[0m 17.703 ms - 32[0m
[0mPOST /admin/auth/notic [32m201[0m 19.651 ms - 32[0m
[0mPOST /admin/auth/notic [32m201[0m 5.349 ms - 32[0m
[0mPOST /admin/auth/notic [32m201[0m 3.691 ms - 32[0m
[0mPOST /admin/auth/notic [32m201[0m 3.196 ms - 32[0m
[0mPOST /admin/auth/notic [32m201[0m 3.091 ms - 32[0m
[0mGET /admin/auth/last [0m-[0m - ms - -[0m
[0mGET /admin/auth/last [32m200[0m 11.585 ms - 10[0m
[0mGET /admin/auth/last [32m200[0m 8.001 ms - 10[0m
[0mGET /admin/auth/last [32m200[0m 6.312 ms - 10[0m
[0mGET /admin/auth/last [32m200[0m 1.809 ms - 10[0m
[0mGET /admin/auth/last [32m200[0m 5.598 ms - 10[0m
[0mGET /admin/auth/last [0m-[0m - ms - -[0m
[0mGET /admin/auth/last [0m-[0m - ms - -[0m
[0mGET /admin/auth/last [32m200[0m 32.347 ms - 1081[0m
[0mGET /admin/auth/last [32m200[0m 33.788 ms - 1081[0m
[0mGET /admin/auth/last [32m200[0m 26.716 ms - 2[0m
[0mGET /admin/auth/last [32m200[0m 35.227 ms - 1081[0m
[0mGET /admin/auth/last [32m200[0m 28.160 ms - 184[0m
[0mGET /admin/auth/last [32m200[0m 36.789 ms - 1081[0m
[0mGET /admin/auth/last [32m200[0m 27.413 ms - 184[0m
[0mGET /admin/auth/last [32m200[0m 27.625 ms - 184[0m
[0mGET /admin/auth/last [32m200[0m 7.730 ms - 184[0m
[0mGET /admin/auth/last [32m200[0m 23.939 ms - 184[0m
[0mPOST /admin/auth/notic [32m201[0m 15.116 ms - 32[0m
[0mGET /admin/auth/last [32m200[0m 8.437 ms - 184[0m
[0mGET /admin/auth/last [32m200[0m 24.761 ms - 149[0m
[0mGET /admin/auth/last [32m200[0m 29.518 ms - 149[0m
[0mGET /admin/auth/last [32m200[0m 7.728 ms - 149[0m
[0mGET /admin/auth/last [32m200[0m 4.109 ms - 149[0m
[0mGET /admin/auth/last [32m200[0m 4.345 ms - 149[0m
[0mGET /admin/auth/last [32m200[0m 5.232 ms - 149[0m
[0mGET /admin/auth/last [0m-[0m - ms - -[0m
[0mGET /admin/auth/last [32m200[0m 30.159 ms - 184[0m
[0mGET /admin/auth/last [32m200[0m 31.133 ms - 184[0m
[0mGET /admin/auth/last [32m200[0m 6.861 ms - 184[0m
[0mGET /admin/auth/last [32m200[0m 29.803 ms - 149[0m
[0mGET /admin/auth/last [0m-[0m - ms - -[0m
[0mGET /admin/auth/last [0m-[0m - ms - -[0m
[0mGET /admin/auth/last [32m200[0m 24.441 ms - 149[0m
[0mGET /admin/auth/last [32m200[0m 29.674 ms - 184[0m
[0mGET /admin/auth/last [0m-[0m - ms - -[0m
[0mGET /admin/auth/last [0m-[0m - ms - -[0m
[0mGET /admin/auth/last [32m200[0m 57.648 ms - 184[0m
[0mGET /admin/auth/last [32m200[0m 21.963 ms - 184[0m
[0mGET /admin/auth/last [32m200[0m 6.765 ms - 184[0m
[0mGET /admin/auth/last [32m200[0m 36.971 ms - 184[0m
[0mGET /admin/auth/last [0m-[0m - ms - -[0m
[0mGET /admin/auth/last [0m-[0m - ms - -[0m
[0mGET /admin/auth/last [32m200[0m 25.663 ms - 184[0m
[0mGET /admin/auth/last [32m200[0m 22.680 ms - 184[0m
[0mGET /admin/auth/last [32m200[0m 30.022 ms - 184[0m
[0mGET /admin/auth/last [32m200[0m 26.166 ms - 184[0m
[0mGET /admin/auth/last [32m200[0m 29.901 ms - 184[0m
[0mGET /admin/auth/last [32m200[0m 27.241 ms - 184[0m
[0mGET /admin/auth/last [32m200[0m 26.513 ms - 184[0m
[0mGET /admin/auth/last [32m200[0m 25.257 ms - 184[0m
[0mGET /admin/auth/last [32m200[0m 25.404 ms - 184[0m
[0mGET /admin/auth/last [32m200[0m 30.432 ms - 184[0m
[0mGET /admin/auth/last [32m200[0m 28.577 ms - 184[0m
[0mGET /admin/auth/last [32m200[0m 27.064 ms - 184[0m
[0mGET /admin/auth/last [32m200[0m 22.033 ms - 184[0m
[0mGET /admin/auth/last [32m200[0m 29.803 ms - 149[0m
[0mGET /admin/auth/last [32m200[0m 21.220 ms - 149[0m
[0mGET /admin/auth/last [32m200[0m 27.919 ms - 184[0m
[0mGET /admin/auth/last [32m200[0m 21.975 ms - 184[0m
[0mGET /admin/auth/last [32m200[0m 6.737 ms - 184[0m
[0mGET /admin/auth/last [32m200[0m 5.191 ms - 184[0m
[0mGET /admin/auth/last [32m200[0m 29.264 ms - 184[0m
[0mGET /admin/auth/last [32m200[0m 24.576 ms - 184[0m
[0mGET /admin/auth/last [32m200[0m 6.663 ms - 184[0m
[0mGET /admin/auth/last [32m200[0m 21.156 ms - 149[0m
[0mGET /admin/auth/last [32m200[0m 27.044 ms - 149[0m
[0mGET /admin/auth/last [32m200[0m 7.065 ms - 149[0m
[0mGET /admin/auth/last [32m200[0m 5.935 ms - 149[0m
[0mGET /admin/auth/last [32m200[0m 23.188 ms - 184[0m
[0mGET /admin/auth/last [32m200[0m 21.975 ms - 186[0m
[0mGET /admin/auth/last [32m200[0m 7.152 ms - 186[0m
[0mGET /admin/auth/last [32m200[0m 26.011 ms - 186[0m
[0mGET /admin/auth/last [32m200[0m 25.310 ms - 184[0m
[0mGET /admin/auth/last [32m200[0m 31.662 ms - 149[0m
[0mPOST /admin/auth/deleteAllnotic [32m200[0m 11.187 ms - 16[0m
[0mPOST /admin/auth/deleteAllnotic [32m200[0m 4.052 ms - 16[0m
[0mPOST /admin/auth/deleteAllnotic [32m200[0m 2.772 ms - 16[0m
[0mPOST /admin/auth/deleteAllnotic [32m200[0m 2.651 ms - 16[0m
[0mPOST /admin/auth/deleteAllnotic [32m200[0m 19.762 ms - 16[0m
[0mPOST /admin/auth/deleteAllnotic [32m200[0m 16.030 ms - 16[0m
[0mPOST /admin/auth/deleteAllnotic [32m200[0m 12.854 ms - 16[0m
[0mPOST /admin/auth/deleteAllnotic [33m406[0m 17.403 ms - 91[0m
[0mPOST /admin/auth/notic [32m201[0m 158.607 ms - 32[0m
[0mPOST /admin/auth/notic [32m201[0m 18.303 ms - 32[0m
[0mPOST /admin/auth/notic [32m201[0m 33.057 ms - 32[0m
[0mPOST /admin/auth/notic [32m201[0m 38.751 ms - 32[0m
[0mPOST /admin/auth/notic [32m201[0m 23.388 ms - 32[0m
[0mPOST /admin/auth/notic [32m201[0m 30.297 ms - 32[0m
[0mGET /admin/auth/deleteAllnotic [33m404[0m 2.791 ms - 164[0m
[0mPOST /admin/auth/deleteAllnotic [31m500[0m 4.732 ms - 53[0m
[0mPOST /admin/auth/deleteAllnotic [32m200[0m 8.178 ms - 16[0m
[0mPOST /admin/auth/notic [32m201[0m 23.572 ms - 32[0m
[0mPOST /teacher/auth/create [32m200[0m 430.917 ms - 790[0m
[0mPOST /teacher/auth/login [31m500[0m 7.126 ms - 65[0m
[0mPOST /teacher/auth/login [32m200[0m 414.642 ms - 640[0m
[0mGET /teacher/auth/notic [33m404[0m 2.213 ms - 157[0m
[0mPOST /teacher/auth/notic [31m500[0m 9.399 ms - 67[0m
[0mPOST /teacher/auth/notic [31m500[0m 13.808 ms - 66[0m
[0mPOST /teacher/auth/notic [32m201[0m 25.851 ms - 32[0m
